<?xml version="1.0" encoding="UTF-8"?>
<testsuite xmlns:xsi="http://www.w3.org/2001/XMLSchema-instance" xsi:noNamespaceSchemaLocation="https://maven.apache.org/surefire/maven-surefire-plugin/xsd/surefire-test-report-3.0.xsd" version="3.0" name="com.biblio.commentservice.repository.CommentRepositoryTest" time="0.501" tests="11" errors="0" skipped="0" failures="0">
  <properties>
[...]
</properties>
  <testcase name="shouldDeleteByUserId" classname="com.biblio.commentservice.repository.CommentRepositoryTest" time="0.032">
    <system-out><![CDATA[2025-12-26 19:26:02 - Could not detect default configuration classes for test class [com.biblio.commentservice.repository.CommentRepositoryTest]: CommentRepositoryTest does not declare any static, non-private, non-final, nested classes annotated with @Configuration.
2025-12-26 19:26:02 - Found @SpringBootConfiguration com.biblio.commentservice.CommentServiceApplication for test class com.biblio.commentservice.repository.CommentRepositoryTest
2025-12-26 19:26:02 - Restart disabled due to context in which it is running

  .   ____          _            __ _ _
 /\\ / ___'_ __ _ _(_)_ __  __ _ \ \ \ \
( ( )\___ | '_ | '_| | '_ \/ _` | \ \ \ \
 \\/  ___)| |_)| | | | | || (_| |  ) ) ) )
  '  |____| .__|_| |_|_| |_\__, | / / / /
 =========|_|==============|___/=/_/_/_/
 :: Spring Boot ::                (v3.2.0)

2025-12-26 19:26:02 - Starting CommentRepositoryTest using Java 17.0.17 with PID 85362 (started by microgod in /home/microgod/downloads/biblio-kubernetes/comment-service)
2025-12-26 19:26:02 - The following 1 profile is active: "test"
2025-12-26 19:26:02 - Bootstrapping Spring Data JPA repositories in DEFAULT mode.
2025-12-26 19:26:02 - Finished Spring Data repository scanning in 7 ms. Found 1 JPA repository interface.
2025-12-26 19:26:02 - Replacing 'dataSource' DataSource bean with embedded version
2025-12-26 19:26:02 - Starting embedded database: url='jdbc:h2:mem:f2328ecb-3f20-4da8-bf9a-b70c6919964e;DB_CLOSE_DELAY=-1;DB_CLOSE_ON_EXIT=false', username='sa'
2025-12-26 19:26:02 - HHH000204: Processing PersistenceUnitInfo [name: default]
2025-12-26 19:26:02 - HHH000026: Second-level cache disabled
2025-12-26 19:26:02 - No LoadTimeWeaver setup: ignoring JPA class transformer
2025-12-26 19:26:02 - HHH90000025: H2Dialect does not need to be specified explicitly using 'hibernate.dialect' (remove the property setting and it will be selected by default)
2025-12-26 19:26:02 - HHH000489: No JTA platform available (set 'hibernate.transaction.jta.platform' to enable JTA platform integration)
Hibernate: 
    drop table if exists comments cascade 
Hibernate: 
    create table comments (
        rating integer not null,
        created_at timestamp(6) not null,
        id bigint generated by default as identity,
        updated_at timestamp(6) not null,
        book_key varchar(50) not null,
        content varchar(2000) not null,
        user_id varchar(255) not null,
        username varchar(255) not null,
        primary key (id)
    )
Hibernate: 
    create index idx_book_key 
       on comments (book_key)
Hibernate: 
    create index idx_user_id 
       on comments (user_id)
Hibernate: 
    create index idx_created_at 
       on comments (created_at)
2025-12-26 19:26:02 - Initialized JPA EntityManagerFactory for persistence unit 'default'
2025-12-26 19:26:02 - Started CommentRepositoryTest in 0.287 seconds (process running for 8.203)
Hibernate: 
    select
        c1_0.id,
        c1_0.book_key,
        c1_0.content,
        c1_0.created_at,
        c1_0.rating,
        c1_0.updated_at,
        c1_0.user_id,
        c1_0.username 
    from
        comments c1_0
Hibernate: 
    insert 
    into
        comments
        (book_key, content, created_at, rating, updated_at, user_id, username, id) 
    values
        (?, ?, ?, ?, ?, ?, ?, default)
Hibernate: 
    insert 
    into
        comments
        (book_key, content, created_at, rating, updated_at, user_id, username, id) 
    values
        (?, ?, ?, ?, ?, ?, ?, default)
Hibernate: 
    insert 
    into
        comments
        (book_key, content, created_at, rating, updated_at, user_id, username, id) 
    values
        (?, ?, ?, ?, ?, ?, ?, default)
Hibernate: 
    select
        c1_0.id,
        c1_0.book_key,
        c1_0.content,
        c1_0.created_at,
        c1_0.rating,
        c1_0.updated_at,
        c1_0.user_id,
        c1_0.username 
    from
        comments c1_0 
    where
        c1_0.user_id=?
Hibernate: 
    delete 
    from
        comments 
    where
        id=?
Hibernate: 
    delete 
    from
        comments 
    where
        id=?
Hibernate: 
    select
        c1_0.id,
        c1_0.book_key,
        c1_0.content,
        c1_0.created_at,
        c1_0.rating,
        c1_0.updated_at,
        c1_0.user_id,
        c1_0.username 
    from
        comments c1_0 
    where
        c1_0.user_id=? 
    order by
        c1_0.created_at desc 
    offset
        ? rows 
    fetch
        first ? rows only
]]></system-out>
  </testcase>
  <testcase name="shouldCountByBookKeyGroupByRating" classname="com.biblio.commentservice.repository.CommentRepositoryTest" time="0.015">
    <system-out><![CDATA[Hibernate: 
    select
        c1_0.id,
        c1_0.book_key,
        c1_0.content,
        c1_0.created_at,
        c1_0.rating,
        c1_0.updated_at,
        c1_0.user_id,
        c1_0.username 
    from
        comments c1_0
Hibernate: 
    insert 
    into
        comments
        (book_key, content, created_at, rating, updated_at, user_id, username, id) 
    values
        (?, ?, ?, ?, ?, ?, ?, default)
Hibernate: 
    insert 
    into
        comments
        (book_key, content, created_at, rating, updated_at, user_id, username, id) 
    values
        (?, ?, ?, ?, ?, ?, ?, default)
Hibernate: 
    insert 
    into
        comments
        (book_key, content, created_at, rating, updated_at, user_id, username, id) 
    values
        (?, ?, ?, ?, ?, ?, ?, default)
Hibernate: 
    select
        c1_0.rating,
        count(c1_0.id) 
    from
        comments c1_0 
    where
        c1_0.book_key=? 
    group by
        c1_0.rating
]]></system-out>
  </testcase>
  <testcase name="shouldCheckIfExistsByBookKeyAndUserId" classname="com.biblio.commentservice.repository.CommentRepositoryTest" time="0.015">
    <system-out><![CDATA[Hibernate: 
    select
        c1_0.id,
        c1_0.book_key,
        c1_0.content,
        c1_0.created_at,
        c1_0.rating,
        c1_0.updated_at,
        c1_0.user_id,
        c1_0.username 
    from
        comments c1_0
Hibernate: 
    insert 
    into
        comments
        (book_key, content, created_at, rating, updated_at, user_id, username, id) 
    values
        (?, ?, ?, ?, ?, ?, ?, default)
Hibernate: 
    insert 
    into
        comments
        (book_key, content, created_at, rating, updated_at, user_id, username, id) 
    values
        (?, ?, ?, ?, ?, ?, ?, default)
Hibernate: 
    insert 
    into
        comments
        (book_key, content, created_at, rating, updated_at, user_id, username, id) 
    values
        (?, ?, ?, ?, ?, ?, ?, default)
Hibernate: 
    select
        c1_0.id 
    from
        comments c1_0 
    where
        c1_0.book_key=? 
        and c1_0.user_id=? 
    fetch
        first ? rows only
Hibernate: 
    select
        c1_0.id 
    from
        comments c1_0 
    where
        c1_0.book_key=? 
        and c1_0.user_id=? 
    fetch
        first ? rows only
]]></system-out>
  </testcase>
  <testcase name="shouldFindByUserIdOrderByCreatedAtDesc" classname="com.biblio.commentservice.repository.CommentRepositoryTest" time="0.014">
    <system-out><![CDATA[Hibernate: 
    select
        c1_0.id,
        c1_0.book_key,
        c1_0.content,
        c1_0.created_at,
        c1_0.rating,
        c1_0.updated_at,
        c1_0.user_id,
        c1_0.username 
    from
        comments c1_0
Hibernate: 
    insert 
    into
        comments
        (book_key, content, created_at, rating, updated_at, user_id, username, id) 
    values
        (?, ?, ?, ?, ?, ?, ?, default)
Hibernate: 
    insert 
    into
        comments
        (book_key, content, created_at, rating, updated_at, user_id, username, id) 
    values
        (?, ?, ?, ?, ?, ?, ?, default)
Hibernate: 
    insert 
    into
        comments
        (book_key, content, created_at, rating, updated_at, user_id, username, id) 
    values
        (?, ?, ?, ?, ?, ?, ?, default)
Hibernate: 
    select
        c1_0.id,
        c1_0.book_key,
        c1_0.content,
        c1_0.created_at,
        c1_0.rating,
        c1_0.updated_at,
        c1_0.user_id,
        c1_0.username 
    from
        comments c1_0 
    where
        c1_0.user_id=? 
    order by
        c1_0.created_at desc 
    offset
        ? rows 
    fetch
        first ? rows only
]]></system-out>
  </testcase>
  <testcase name="shouldDeleteByBookKey" classname="com.biblio.commentservice.repository.CommentRepositoryTest" time="0.021">
    <system-out><![CDATA[Hibernate: 
    select
        c1_0.id,
        c1_0.book_key,
        c1_0.content,
        c1_0.created_at,
        c1_0.rating,
        c1_0.updated_at,
        c1_0.user_id,
        c1_0.username 
    from
        comments c1_0
Hibernate: 
    insert 
    into
        comments
        (book_key, content, created_at, rating, updated_at, user_id, username, id) 
    values
        (?, ?, ?, ?, ?, ?, ?, default)
Hibernate: 
    insert 
    into
        comments
        (book_key, content, created_at, rating, updated_at, user_id, username, id) 
    values
        (?, ?, ?, ?, ?, ?, ?, default)
Hibernate: 
    insert 
    into
        comments
        (book_key, content, created_at, rating, updated_at, user_id, username, id) 
    values
        (?, ?, ?, ?, ?, ?, ?, default)
Hibernate: 
    select
        c1_0.id,
        c1_0.book_key,
        c1_0.content,
        c1_0.created_at,
        c1_0.rating,
        c1_0.updated_at,
        c1_0.user_id,
        c1_0.username 
    from
        comments c1_0 
    where
        c1_0.book_key=?
Hibernate: 
    delete 
    from
        comments 
    where
        id=?
Hibernate: 
    delete 
    from
        comments 
    where
        id=?
Hibernate: 
    select
        count(c1_0.id) 
    from
        comments c1_0 
    where
        c1_0.book_key=?
]]></system-out>
  </testcase>
  <testcase name="shouldReturnNullAverageRatingWhenNoComments" classname="com.biblio.commentservice.repository.CommentRepositoryTest" time="0.013">
    <system-out><![CDATA[Hibernate: 
    select
        c1_0.id,
        c1_0.book_key,
        c1_0.content,
        c1_0.created_at,
        c1_0.rating,
        c1_0.updated_at,
        c1_0.user_id,
        c1_0.username 
    from
        comments c1_0
Hibernate: 
    insert 
    into
        comments
        (book_key, content, created_at, rating, updated_at, user_id, username, id) 
    values
        (?, ?, ?, ?, ?, ?, ?, default)
Hibernate: 
    insert 
    into
        comments
        (book_key, content, created_at, rating, updated_at, user_id, username, id) 
    values
        (?, ?, ?, ?, ?, ?, ?, default)
Hibernate: 
    insert 
    into
        comments
        (book_key, content, created_at, rating, updated_at, user_id, username, id) 
    values
        (?, ?, ?, ?, ?, ?, ?, default)
Hibernate: 
    select
        avg(cast(c1_0.rating as float(53))) 
    from
        comments c1_0 
    where
        c1_0.book_key=?
]]></system-out>
  </testcase>
  <testcase name="shouldFindByBookKeyOrderByCreatedAtDesc" classname="com.biblio.commentservice.repository.CommentRepositoryTest" time="0.013">
    <system-out><![CDATA[Hibernate: 
    select
        c1_0.id,
        c1_0.book_key,
        c1_0.content,
        c1_0.created_at,
        c1_0.rating,
        c1_0.updated_at,
        c1_0.user_id,
        c1_0.username 
    from
        comments c1_0
Hibernate: 
    insert 
    into
        comments
        (book_key, content, created_at, rating, updated_at, user_id, username, id) 
    values
        (?, ?, ?, ?, ?, ?, ?, default)
Hibernate: 
    insert 
    into
        comments
        (book_key, content, created_at, rating, updated_at, user_id, username, id) 
    values
        (?, ?, ?, ?, ?, ?, ?, default)
Hibernate: 
    insert 
    into
        comments
        (book_key, content, created_at, rating, updated_at, user_id, username, id) 
    values
        (?, ?, ?, ?, ?, ?, ?, default)
Hibernate: 
    select
        c1_0.id,
        c1_0.book_key,
        c1_0.content,
        c1_0.created_at,
        c1_0.rating,
        c1_0.updated_at,
        c1_0.user_id,
        c1_0.username 
    from
        comments c1_0 
    where
        c1_0.book_key=? 
    order by
        c1_0.created_at desc 
    offset
        ? rows 
    fetch
        first ? rows only
]]></system-out>
  </testcase>
  <testcase name="shouldFindAverageRatingByBookKey" classname="com.biblio.commentservice.repository.CommentRepositoryTest" time="0.014">
    <system-out><![CDATA[Hibernate: 
    select
        c1_0.id,
        c1_0.book_key,
        c1_0.content,
        c1_0.created_at,
        c1_0.rating,
        c1_0.updated_at,
        c1_0.user_id,
        c1_0.username 
    from
        comments c1_0
Hibernate: 
    insert 
    into
        comments
        (book_key, content, created_at, rating, updated_at, user_id, username, id) 
    values
        (?, ?, ?, ?, ?, ?, ?, default)
Hibernate: 
    insert 
    into
        comments
        (book_key, content, created_at, rating, updated_at, user_id, username, id) 
    values
        (?, ?, ?, ?, ?, ?, ?, default)
Hibernate: 
    insert 
    into
        comments
        (book_key, content, created_at, rating, updated_at, user_id, username, id) 
    values
        (?, ?, ?, ?, ?, ?, ?, default)
Hibernate: 
    select
        avg(cast(c1_0.rating as float(53))) 
    from
        comments c1_0 
    where
        c1_0.book_key=?
]]></system-out>
  </testcase>
  <testcase name="shouldFindByBookKeyAndUserId" classname="com.biblio.commentservice.repository.CommentRepositoryTest" time="0.017">
    <system-out><![CDATA[Hibernate: 
    select
        c1_0.id,
        c1_0.book_key,
        c1_0.content,
        c1_0.created_at,
        c1_0.rating,
        c1_0.updated_at,
        c1_0.user_id,
        c1_0.username 
    from
        comments c1_0
Hibernate: 
    insert 
    into
        comments
        (book_key, content, created_at, rating, updated_at, user_id, username, id) 
    values
        (?, ?, ?, ?, ?, ?, ?, default)
Hibernate: 
    insert 
    into
        comments
        (book_key, content, created_at, rating, updated_at, user_id, username, id) 
    values
        (?, ?, ?, ?, ?, ?, ?, default)
Hibernate: 
    insert 
    into
        comments
        (book_key, content, created_at, rating, updated_at, user_id, username, id) 
    values
        (?, ?, ?, ?, ?, ?, ?, default)
Hibernate: 
    select
        c1_0.id,
        c1_0.book_key,
        c1_0.content,
        c1_0.created_at,
        c1_0.rating,
        c1_0.updated_at,
        c1_0.user_id,
        c1_0.username 
    from
        comments c1_0 
    where
        c1_0.book_key=? 
        and c1_0.user_id=?
]]></system-out>
  </testcase>
  <testcase name="shouldCountByBookKey" classname="com.biblio.commentservice.repository.CommentRepositoryTest" time="0.012">
    <system-out><![CDATA[Hibernate: 
    select
        c1_0.id,
        c1_0.book_key,
        c1_0.content,
        c1_0.created_at,
        c1_0.rating,
        c1_0.updated_at,
        c1_0.user_id,
        c1_0.username 
    from
        comments c1_0
Hibernate: 
    insert 
    into
        comments
        (book_key, content, created_at, rating, updated_at, user_id, username, id) 
    values
        (?, ?, ?, ?, ?, ?, ?, default)
Hibernate: 
    insert 
    into
        comments
        (book_key, content, created_at, rating, updated_at, user_id, username, id) 
    values
        (?, ?, ?, ?, ?, ?, ?, default)
Hibernate: 
    insert 
    into
        comments
        (book_key, content, created_at, rating, updated_at, user_id, username, id) 
    values
        (?, ?, ?, ?, ?, ?, ?, default)
Hibernate: 
    select
        count(c1_0.id) 
    from
        comments c1_0 
    where
        c1_0.book_key=?
]]></system-out>
  </testcase>
  <testcase name="shouldReturnEmptyWhenNotFoundByBookKeyAndUserId" classname="com.biblio.commentservice.repository.CommentRepositoryTest" time="0.012">
    <system-out><![CDATA[Hibernate: 
    select
        c1_0.id,
        c1_0.book_key,
        c1_0.content,
        c1_0.created_at,
        c1_0.rating,
        c1_0.updated_at,
        c1_0.user_id,
        c1_0.username 
    from
        comments c1_0
Hibernate: 
    insert 
    into
        comments
        (book_key, content, created_at, rating, updated_at, user_id, username, id) 
    values
        (?, ?, ?, ?, ?, ?, ?, default)
Hibernate: 
    insert 
    into
        comments
        (book_key, content, created_at, rating, updated_at, user_id, username, id) 
    values
        (?, ?, ?, ?, ?, ?, ?, default)
Hibernate: 
    insert 
    into
        comments
        (book_key, content, created_at, rating, updated_at, user_id, username, id) 
    values
        (?, ?, ?, ?, ?, ?, ?, default)
Hibernate: 
    select
        c1_0.id,
        c1_0.book_key,
        c1_0.content,
        c1_0.created_at,
        c1_0.rating,
        c1_0.updated_at,
        c1_0.user_id,
        c1_0.username 
    from
        comments c1_0 
    where
        c1_0.book_key=? 
        and c1_0.user_id=?
]]></system-out>
  </testcase>
</testsuite>